
  .   ____          _            __ _ _
 /\\ / ___'_ __ _ _(_)_ __  __ _ \ \ \ \
( ( )\___ | '_ | '_| | '_ \/ _` | \ \ \ \
 \\/  ___)| |_)| | | | | || (_| |  ) ) ) )
  '  |____| .__|_| |_|_| |_\__, | / / / /
 =========|_|==============|___/=/_/_/_/
 :: Spring Boot ::                (v3.2.3)

2026-05-30T20:40:10.389+05:30  INFO 9744 --- [agency-backend] [           main] c.a.backend.AgencyBackendApplication     : Starting AgencyBackendApplication v0.0.1-SNAPSHOT using Java 21.0.11 with PID 9744 (/home/dell/Pictures/Code-Companion/backend/target/agency-backend-0.0.1-SNAPSHOT.jar started by dell in /home/dell/Pictures/Code-Companion/backend)
2026-05-30T20:40:10.396+05:30  INFO 9744 --- [agency-backend] [           main] c.a.backend.AgencyBackendApplication     : No active profile set, falling back to 1 default profile: "default"
2026-05-30T20:40:14.196+05:30  INFO 9744 --- [agency-backend] [           main] .s.d.r.c.RepositoryConfigurationDelegate : Bootstrapping Spring Data JPA repositories in DEFAULT mode.
2026-05-30T20:40:14.443+05:30  INFO 9744 --- [agency-backend] [           main] .s.d.r.c.RepositoryConfigurationDelegate : Finished Spring Data repository scanning in 205 ms. Found 4 JPA repository interfaces.
2026-05-30T20:40:16.794+05:30  INFO 9744 --- [agency-backend] [           main] o.s.b.w.embedded.tomcat.TomcatWebServer  : Tomcat initialized with port 5001 (http)
2026-05-30T20:40:16.843+05:30  INFO 9744 --- [agency-backend] [           main] o.apache.catalina.core.StandardService   : Starting service [Tomcat]
2026-05-30T20:40:16.844+05:30  INFO 9744 --- [agency-backend] [           main] o.apache.catalina.core.StandardEngine    : Starting Servlet engine: [Apache Tomcat/10.1.19]
2026-05-30T20:40:17.003+05:30  INFO 9744 --- [agency-backend] [           main] o.a.c.c.C.[Tomcat].[localhost].[/]       : Initializing Spring embedded WebApplicationContext
2026-05-30T20:40:17.008+05:30  INFO 9744 --- [agency-backend] [           main] w.s.c.ServletWebServerApplicationContext : Root WebApplicationContext: initialization completed in 6296 ms
2026-05-30T20:40:18.013+05:30  INFO 9744 --- [agency-backend] [           main] o.hibernate.jpa.internal.util.LogHelper  : HHH000204: Processing PersistenceUnitInfo [name: default]
2026-05-30T20:40:18.326+05:30  INFO 9744 --- [agency-backend] [           main] org.hibernate.Version                    : HHH000412: Hibernate ORM core version 6.4.4.Final
2026-05-30T20:40:18.456+05:30  INFO 9744 --- [agency-backend] [           main] o.h.c.internal.RegionFactoryInitiator    : HHH000026: Second-level cache disabled
2026-05-30T20:40:19.395+05:30  INFO 9744 --- [agency-backend] [           main] o.s.o.j.p.SpringPersistenceUnitInfo      : No LoadTimeWeaver setup: ignoring JPA class transformer
2026-05-30T20:40:19.510+05:30  INFO 9744 --- [agency-backend] [           main] com.zaxxer.hikari.HikariDataSource       : HikariPool-1 - Starting...
2026-05-30T20:40:20.916+05:30  INFO 9744 --- [agency-backend] [           main] com.zaxxer.hikari.pool.HikariPool        : HikariPool-1 - Added connection org.postgresql.jdbc.PgConnection@4e2824b1
2026-05-30T20:40:20.920+05:30  INFO 9744 --- [agency-backend] [           main] com.zaxxer.hikari.HikariDataSource       : HikariPool-1 - Start completed.
2026-05-30T20:40:24.576+05:30  INFO 9744 --- [agency-backend] [           main] o.h.e.t.j.p.i.JtaPlatformInitiator       : HHH000489: No JTA platform available (set 'hibernate.transaction.jta.platform' to enable JTA platform integration)
2026-05-30T20:40:24.733+05:30  INFO 9744 --- [agency-backend] [           main] j.LocalContainerEntityManagerFactoryBean : Initialized JPA EntityManagerFactory for persistence unit 'default'
2026-05-30T20:40:27.229+05:30  WARN 9744 --- [agency-backend] [           main] JpaBaseConfiguration$JpaWebConfiguration : spring.jpa.open-in-view is enabled by default. Therefore, database queries may be performed during view rendering. Explicitly configure spring.jpa.open-in-view to disable this warning
2026-05-30T20:40:29.056+05:30  INFO 9744 --- [agency-backend] [           main] o.s.b.w.embedded.tomcat.TomcatWebServer  : Tomcat started on port 5001 (http) with context path ''
2026-05-30T20:40:29.110+05:30  INFO 9744 --- [agency-backend] [           main] c.a.backend.AgencyBackendApplication     : Started AgencyBackendApplication in 20.332 seconds (process running for 22.369)
